Added Component: Designator=C1(0603P - duplicate)
Add component. Clean all parameters for all variants
Added Component: Designator=C2(0603P - duplicate)
Add component. Clean all parameters for all variants
Added Component: Designator=C3(0603P - duplicate)
Add component. Clean all parameters for all variants
Added Component: Designator=C4(0603P - duplicate)
Add component. Clean all parameters for all variants
Added Component: Designator=C5(0603P - duplicate)
Add component. Clean all parameters for all variants
Added Component: Designator=C6(0603P - duplicate)
Add component. Clean all parameters for all variants
Added Component: Designator=K1(KEY)
Add component. Clean all parameters for all variants
Added Component: Designator=K2(KEY)
Add component. Clean all parameters for all variants
Added Component: Designator=K3(KEY)
Add component. Clean all parameters for all variants
Added Component: Designator=K4(KEY)
Add component. Clean all parameters for all variants
Added Component: Designator=m1(motor)
Add component. Clean all parameters for all variants
Add component (AddParameter): Name = "LatestRevisionDate"; Value = "17-Jul-2002"; VariantName = "[No Variations]"
Add component (AddParameter): Name = "LatestRevisionNote"; Value = "Re-released for DXP Platform."; VariantName = "[No Variations]"
Add component (AddParameter): Name = "Publisher"; Value = "Altium Limited"; VariantName = "[No Variations]"
Added Component: Designator=OLED1(OLED_1.3)
Add component. Clean all parameters for all variants
Added Component: Designator=P1(HDR1X19)
Add component. Clean all parameters for all variants
Add component (AddParameter): Name = "LatestRevisionDate"; Value = "17-Jul-2002"; VariantName = "[No Variations]"
Add component (AddParameter): Name = "LatestRevisionNote"; Value = "Re-released for DXP Platform."; VariantName = "[No Variations]"
Add component (AddParameter): Name = "Publisher"; Value = "Altium Limited"; VariantName = "[No Variations]"
Added Component: Designator=P2(HDR1X19)
Add component. Clean all parameters for all variants
Add component (AddParameter): Name = "LatestRevisionDate"; Value = "17-Jul-2002"; VariantName = "[No Variations]"
Add component (AddParameter): Name = "LatestRevisionNote"; Value = "Re-released for DXP Platform."; VariantName = "[No Variations]"
Add component (AddParameter): Name = "Publisher"; Value = "Altium Limited"; VariantName = "[No Variations]"
Added Component: Designator=Q1(SOT23-JL)
Add component. Clean all parameters for all variants
Added Component: Designator=R1(0603P - duplicate)
Add component. Clean all parameters for all variants
Added Component: Designator=R2(0603P - duplicate)
Add component. Clean all parameters for all variants
Added Component: Designator=R3(0603P - duplicate)
Add component. Clean all parameters for all variants
Added Component: Designator=R4(0603P - duplicate)
Add component. Clean all parameters for all variants
Added Component: Designator=R5(0603P - duplicate)
Add component. Clean all parameters for all variants
Added Component: Designator=R6(0603P - duplicate)
Add component. Clean all parameters for all variants
Added Component: Designator=R7(0603P - duplicate)
Add component. Clean all parameters for all variants
Added Component: Designator=R8(0603P - duplicate)
Add component. Clean all parameters for all variants
Added Component: Designator=R9(0603P - duplicate)
Add component. Clean all parameters for all variants
Added Component: Designator=R10(0603P - duplicate)
Add component. Clean all parameters for all variants
Added Component: Designator=R11(0603P - duplicate)
Add component. Clean all parameters for all variants
Added Component: Designator=SD_CARD1(CON-TFCARD/AUTO-EJECT)
Add component. Clean all parameters for all variants
Added Pin To Net: NetName=3V3 Pin=C1-1
Added Pin To Net: NetName=NetC2_1 Pin=C2-1
Added Pin To Net: NetName=NetC2_2 Pin=C2-2
Added Pin To Net: NetName=NetC3_1 Pin=C3-1
Added Pin To Net: NetName=NetC3_2 Pin=C3-2
Added Pin To Net: NetName=NetC4_1 Pin=C4-1
Added Pin To Net: NetName=GND Pin=C4-2
Added Pin To Net: NetName=NetC5_1 Pin=C5-1
Added Pin To Net: NetName=GND Pin=C5-2
Added Pin To Net: NetName=NetC5_1 Pin=C6-1
Added Pin To Net: NetName=GND Pin=C6-2
Added Pin To Net: NetName=GND Pin=K1-1
Added Pin To Net: NetName=P15 Pin=K1-2
Added Pin To Net: NetName=GND Pin=K2-1
Added Pin To Net: NetName=P4 Pin=K2-2
Added Pin To Net: NetName=GND Pin=K3-1
Added Pin To Net: NetName=P16 Pin=K3-2
Added Pin To Net: NetName=GND Pin=K4-1
Added Pin To Net: NetName=P17 Pin=K4-2
Added Pin To Net: NetName=3V3 Pin=m1-1
Added Pin To Net: NetName=Netm1_2 Pin=m1-2
Added Pin To Net: NetName=GND Pin=OLED1-1
Added Pin To Net: NetName=NetC2_1 Pin=OLED1-2
Added Pin To Net: NetName=NetC2_2 Pin=OLED1-3
Added Pin To Net: NetName=NetC3_1 Pin=OLED1-4
Added Pin To Net: NetName=NetC3_2 Pin=OLED1-5
Added Pin To Net: NetName=3V3 Pin=OLED1-6
Added Pin To Net: NetName=GND Pin=OLED1-7
Added Pin To Net: NetName=GND Pin=OLED1-8
Added Pin To Net: NetName=3V3 Pin=OLED1-9
Added Pin To Net: NetName=GND Pin=OLED1-10
Added Pin To Net: NetName=NetOLED1_11 Pin=OLED1-11
Added Pin To Net: NetName=GND Pin=OLED1-12
Added Pin To Net: NetName=P5 Pin=OLED1-13
Added Pin To Net: NetName=P26 Pin=OLED1-14
Added Pin To Net: NetName=P27 Pin=OLED1-15
Added Pin To Net: NetName=GND Pin=OLED1-16
Added Pin To Net: NetName=GND Pin=OLED1-17
Added Pin To Net: NetName=P14 Pin=OLED1-18
Added Pin To Net: NetName=P13 Pin=OLED1-19
Added Pin To Net: NetName=P13 Pin=OLED1-20
Added Pin To Net: NetName=GND Pin=OLED1-21
Added Pin To Net: NetName=GND Pin=OLED1-22
Added Pin To Net: NetName=GND Pin=OLED1-23
Added Pin To Net: NetName=GND Pin=OLED1-24
Added Pin To Net: NetName=GND Pin=OLED1-25
Added Pin To Net: NetName=NetOLED1_26 Pin=OLED1-26
Added Pin To Net: NetName=NetC4_1 Pin=OLED1-27
Added Pin To Net: NetName=NetC5_1 Pin=OLED1-28
Added Pin To Net: NetName=GND Pin=OLED1-29
Added Pin To Net: NetName=GND Pin=OLED1-30
Added Pin To Net: NetName=3V3 Pin=P1-1
Added Pin To Net: NetName=EN Pin=P1-2
Added Pin To Net: NetName=SVP Pin=P1-3
Added Pin To Net: NetName=SVN Pin=P1-4
Added Pin To Net: NetName=P34 Pin=P1-5
Added Pin To Net: NetName=P35 Pin=P1-6
Added Pin To Net: NetName=P32 Pin=P1-7
Added Pin To Net: NetName=P33 Pin=P1-8
Added Pin To Net: NetName=P25 Pin=P1-9
Added Pin To Net: NetName=P26 Pin=P1-10
Added Pin To Net: NetName=P27 Pin=P1-11
Added Pin To Net: NetName=P14 Pin=P1-12
Added Pin To Net: NetName=P12 Pin=P1-13
Added Pin To Net: NetName=GND Pin=P1-14
Added Pin To Net: NetName=P13 Pin=P1-15
Added Pin To Net: NetName=SD2 Pin=P1-16
Added Pin To Net: NetName=SD3 Pin=P1-17
Added Pin To Net: NetName=CMD Pin=P1-18
Added Pin To Net: NetName=5V Pin=P1-19
Added Pin To Net: NetName=GND Pin=P2-1
Added Pin To Net: NetName=P23 Pin=P2-2
Added Pin To Net: NetName=P22 Pin=P2-3
Added Pin To Net: NetName=TX Pin=P2-4
Added Pin To Net: NetName=RX Pin=P2-5
Added Pin To Net: NetName=P21 Pin=P2-6
Added Pin To Net: NetName=GND Pin=P2-7
Added Pin To Net: NetName=P19 Pin=P2-8
Added Pin To Net: NetName=P18 Pin=P2-9
Added Pin To Net: NetName=P5 Pin=P2-10
Added Pin To Net: NetName=P17 Pin=P2-11
Added Pin To Net: NetName=P16 Pin=P2-12
Added Pin To Net: NetName=P4 Pin=P2-13
Added Pin To Net: NetName=P0 Pin=P2-14
Added Pin To Net: NetName=P2 Pin=P2-15
Added Pin To Net: NetName=P15 Pin=P2-16
Added Pin To Net: NetName=SD1 Pin=P2-17
Added Pin To Net: NetName=SD0 Pin=P2-18
Added Pin To Net: NetName=CLK Pin=P2-19
Added Pin To Net: NetName=NetQ1_1 Pin=Q1-1
Added Pin To Net: NetName=GND Pin=Q1-2
Added Pin To Net: NetName=Netm1_2 Pin=Q1-3
Added Pin To Net: NetName=SD1 Pin=R1-1
Added Pin To Net: NetName=3V3 Pin=R1-2
Added Pin To Net: NetName=SD0 Pin=R2-1
Added Pin To Net: NetName=3V3 Pin=R2-2
Added Pin To Net: NetName=NetR3_1 Pin=R3-1
Added Pin To Net: NetName=3V3 Pin=R3-2
Added Pin To Net: NetName=CMD Pin=R4-1
Added Pin To Net: NetName=3V3 Pin=R4-2
Added Pin To Net: NetName=SD3 Pin=R5-1
Added Pin To Net: NetName=3V3 Pin=R5-2
Added Pin To Net: NetName=SD2 Pin=R6-1
Added Pin To Net: NetName=3V3 Pin=R6-2
Added Pin To Net: NetName=NetR3_1 Pin=R7-1
Added Pin To Net: NetName=P0 Pin=R7-2
Added Pin To Net: NetName=NetQ1_1 Pin=R8-1
Added Pin To Net: NetName=P12 Pin=R8-2
Added Pin To Net: NetName=Netm1_2 Pin=R9-1
Added Pin To Net: NetName=3V3 Pin=R9-2
Added Pin To Net: NetName=NetOLED1_11 Pin=R10-1
Added Pin To Net: NetName=GND Pin=R10-2
Added Pin To Net: NetName=NetOLED1_26 Pin=R11-1
Added Pin To Net: NetName=GND Pin=R11-2
Added Pin To Net: NetName=SD2 Pin=SD_CARD1-1
Added Pin To Net: NetName=SD3 Pin=SD_CARD1-2
Added Pin To Net: NetName=CMD Pin=SD_CARD1-3
Added Pin To Net: NetName=3V3 Pin=SD_CARD1-4
Added Pin To Net: NetName=CLK Pin=SD_CARD1-5
Added Pin To Net: NetName=GND Pin=SD_CARD1-6
Added Pin To Net: NetName=SD0 Pin=SD_CARD1-7
Added Pin To Net: NetName=SD1 Pin=SD_CARD1-8
Added Pin To Net: NetName=NetR3_1 Pin=SD_CARD1-9
Added Pin To Net: NetName=GND Pin=SD_CARD1-10
Added Pin To Net: NetName=GND Pin=SD_CARD1-11
Added Pin To Net: NetName=GND Pin=SD_CARD1-12
Added Pin To Net: NetName=GND Pin=SD_CARD1-13
Added Member To Class: ClassName=NODE_MCU_EXTEND_Project Member=Component C1 10uF
Added Member To Class: ClassName=NODE_MCU_EXTEND_Project Member=Component C2 1uF
Added Member To Class: ClassName=NODE_MCU_EXTEND_Project Member=Component C3 1uF
Added Member To Class: ClassName=NODE_MCU_EXTEND_Project Member=Component C4 2.2uF
Added Member To Class: ClassName=NODE_MCU_EXTEND_Project Member=Component C5 2.2uF
Added Member To Class: ClassName=NODE_MCU_EXTEND_Project Member=Component C6 2.2uF
Added Member To Class: ClassName=NODE_MCU_EXTEND_Project Member=Component K1 KEY_M
Added Member To Class: ClassName=NODE_MCU_EXTEND_Project Member=Component K2 KEY_M
Added Member To Class: ClassName=NODE_MCU_EXTEND_Project Member=Component K3 KEY_M
Added Member To Class: ClassName=NODE_MCU_EXTEND_Project Member=Component K4 KEY_M
Added Member To Class: ClassName=NODE_MCU_EXTEND_Project Member=Component m1 motor
Added Member To Class: ClassName=NODE_MCU_EXTEND_Project Member=Component OLED1 OLED12864
Added Member To Class: ClassName=NODE_MCU_EXTEND_Project Member=Component P1 
Added Member To Class: ClassName=NODE_MCU_EXTEND_Project Member=Component P2 HEAD1*19
Added Member To Class: ClassName=NODE_MCU_EXTEND_Project Member=Component Q1 9013
Added Member To Class: ClassName=NODE_MCU_EXTEND_Project Member=Component R1 10K
Added Member To Class: ClassName=NODE_MCU_EXTEND_Project Member=Component R2 10K
Added Member To Class: ClassName=NODE_MCU_EXTEND_Project Member=Component R3 10K
Added Member To Class: ClassName=NODE_MCU_EXTEND_Project Member=Component R4 10K
Added Member To Class: ClassName=NODE_MCU_EXTEND_Project Member=Component R5 10K
Added Member To Class: ClassName=NODE_MCU_EXTEND_Project Member=Component R6 10K
Added Member To Class: ClassName=NODE_MCU_EXTEND_Project Member=Component R7 10K
Added Member To Class: ClassName=NODE_MCU_EXTEND_Project Member=Component R8 10K
Added Member To Class: ClassName=NODE_MCU_EXTEND_Project Member=Component R9 1K
Added Member To Class: ClassName=NODE_MCU_EXTEND_Project Member=Component R10 1K
Added Member To Class: ClassName=NODE_MCU_EXTEND_Project Member=Component R11 560K
Added Member To Class: ClassName=NODE_MCU_EXTEND_Project Member=Component SD_CARD1 
Added Room: Name=NODE_MCU_EXTEND_Project
