Added Component: Designator=K1(KEY)
Add component. Clean all parameters for all variants
Added Component: Designator=K2(KEY)
Add component. Clean all parameters for all variants
Added Component: Designator=K3(KEY)
Add component. Clean all parameters for all variants
Added Component: Designator=K4(KEY)
Add component. Clean all parameters for all variants
Added Component: Designator=m1(motor)
Add component. Clean all parameters for all variants
Add component (AddParameter): Name = "LatestRevisionDate"; Value = "17-Jul-2002"; VariantName = "[No Variations]"
Add component (AddParameter): Name = "LatestRevisionNote"; Value = "Re-released for DXP Platform."; VariantName = "[No Variations]"
Add component (AddParameter): Name = "Publisher"; Value = "Altium Limited"; VariantName = "[No Variations]"
Added Component: Designator=OLED1(OLED_1.3)
Add component. Clean all parameters for all variants
Added Component: Designator=P1(HDR1X19)
Add component. Clean all parameters for all variants
Add component (AddParameter): Name = "LatestRevisionDate"; Value = "17-Jul-2002"; VariantName = "[No Variations]"
Add component (AddParameter): Name = "LatestRevisionNote"; Value = "Re-released for DXP Platform."; VariantName = "[No Variations]"
Add component (AddParameter): Name = "Publisher"; Value = "Altium Limited"; VariantName = "[No Variations]"
Added Component: Designator=P2(HDR1X19)
Add component. Clean all parameters for all variants
Add component (AddParameter): Name = "LatestRevisionDate"; Value = "17-Jul-2002"; VariantName = "[No Variations]"
Add component (AddParameter): Name = "LatestRevisionNote"; Value = "Re-released for DXP Platform."; VariantName = "[No Variations]"
Add component (AddParameter): Name = "Publisher"; Value = "Altium Limited"; VariantName = "[No Variations]"
Added Component: Designator=Q1(SOT23-JL)
Add component. Clean all parameters for all variants
Added Component: Designator=R1(0603P - duplicate)
Add component. Clean all parameters for all variants
Added Component: Designator=R2(0603P - duplicate)
Add component. Clean all parameters for all variants
Added Component: Designator=R3(0603P - duplicate)
Add component. Clean all parameters for all variants
Added Component: Designator=R4(0603P - duplicate)
Add component. Clean all parameters for all variants
Added Component: Designator=R5(0603P - duplicate)
Add component. Clean all parameters for all variants
Added Component: Designator=R6(0603P - duplicate)
Add component. Clean all parameters for all variants
Added Component: Designator=R7(0603P - duplicate)
Add component. Clean all parameters for all variants
Added Component: Designator=R8(0603P - duplicate)
Add component. Clean all parameters for all variants
Added Component: Designator=R9(0603P - duplicate)
Add component. Clean all parameters for all variants
Added Component: Designator=R10(0603P - duplicate)
Add component. Clean all parameters for all variants
Added Component: Designator=R11(0603P - duplicate)
Add component. Clean all parameters for all variants
Added Component: Designator=SD_CARD1(CON-TFCARD/AUTO-EJECT)
Add component. Clean all parameters for all variants
Added Pin To Net: NetName=3V3 Pin=m1-1
Added Pin To Net: NetName=3V3 Pin=OLED1-6
Added Pin To Net: NetName=3V3 Pin=OLED1-9
Added Pin To Net: NetName=3V3 Pin=P1-1
Added Pin To Net: NetName=3V3 Pin=R1-2
Added Pin To Net: NetName=3V3 Pin=R2-2
Added Pin To Net: NetName=3V3 Pin=R3-2
Added Pin To Net: NetName=3V3 Pin=R4-2
Added Pin To Net: NetName=3V3 Pin=R5-2
Added Pin To Net: NetName=3V3 Pin=R6-2
Added Pin To Net: NetName=3V3 Pin=SD_CARD1-4
Added Net: Name=3V3
Added Pin To Net: NetName=5V Pin=P1-19
Added Net: Name=5V
Added Pin To Net: NetName=CLK Pin=P2-19
Added Pin To Net: NetName=CLK Pin=SD_CARD1-5
Added Net: Name=CLK
Added Pin To Net: NetName=CMD Pin=P1-18
Added Pin To Net: NetName=CMD Pin=R4-1
Added Pin To Net: NetName=CMD Pin=SD_CARD1-3
Added Net: Name=CMD
Added Pin To Net: NetName=EN Pin=P1-2
Added Net: Name=EN
Added Pin To Net: NetName=GND Pin=K1-1
Added Pin To Net: NetName=GND Pin=K2-1
Added Pin To Net: NetName=GND Pin=K3-1
Added Pin To Net: NetName=GND Pin=K4-1
Added Pin To Net: NetName=GND Pin=OLED1-1
Added Pin To Net: NetName=GND Pin=OLED1-7
Added Pin To Net: NetName=GND Pin=OLED1-8
Added Pin To Net: NetName=GND Pin=OLED1-10
Added Pin To Net: NetName=GND Pin=OLED1-12
Added Pin To Net: NetName=GND Pin=OLED1-16
Added Pin To Net: NetName=GND Pin=OLED1-17
Added Pin To Net: NetName=GND Pin=OLED1-21
Added Pin To Net: NetName=GND Pin=OLED1-22
Added Pin To Net: NetName=GND Pin=OLED1-23
Added Pin To Net: NetName=GND Pin=OLED1-24
Added Pin To Net: NetName=GND Pin=OLED1-25
Added Pin To Net: NetName=GND Pin=OLED1-29
Added Pin To Net: NetName=GND Pin=OLED1-30
Added Pin To Net: NetName=GND Pin=P1-14
Added Pin To Net: NetName=GND Pin=P2-1
Added Pin To Net: NetName=GND Pin=P2-7
Added Pin To Net: NetName=GND Pin=Q1-2
Added Pin To Net: NetName=GND Pin=R10-2
Added Pin To Net: NetName=GND Pin=R11-2
Added Pin To Net: NetName=GND Pin=SD_CARD1-6
Added Pin To Net: NetName=GND Pin=SD_CARD1-10
Added Pin To Net: NetName=GND Pin=SD_CARD1-11
Added Pin To Net: NetName=GND Pin=SD_CARD1-12
Added Pin To Net: NetName=GND Pin=SD_CARD1-13
Added Net: Name=GND
Added Pin To Net: NetName=NetC2_1 Pin=OLED1-2
Added Net: Name=NetC2_1
Added Pin To Net: NetName=NetC2_2 Pin=OLED1-3
Added Net: Name=NetC2_2
Added Pin To Net: NetName=NetC3_1 Pin=OLED1-4
Added Net: Name=NetC3_1
Added Pin To Net: NetName=NetC3_2 Pin=OLED1-5
Added Net: Name=NetC3_2
Added Pin To Net: NetName=NetC4_1 Pin=OLED1-27
Added Net: Name=NetC4_1
Added Pin To Net: NetName=NetC5_1 Pin=OLED1-28
Added Net: Name=NetC5_1
Added Pin To Net: NetName=Netm1_2 Pin=m1-2
Added Pin To Net: NetName=Netm1_2 Pin=R9-2
Added Net: Name=Netm1_2
Added Pin To Net: NetName=NetOLED1_11 Pin=OLED1-11
Added Pin To Net: NetName=NetOLED1_11 Pin=R10-1
Added Net: Name=NetOLED1_11
Added Pin To Net: NetName=NetOLED1_26 Pin=OLED1-26
Added Pin To Net: NetName=NetOLED1_26 Pin=R11-1
Added Net: Name=NetOLED1_26
Added Pin To Net: NetName=NetQ1_1 Pin=Q1-1
Added Pin To Net: NetName=NetQ1_1 Pin=R8-1
Added Net: Name=NetQ1_1
Added Pin To Net: NetName=NetQ1_3 Pin=Q1-3
Added Pin To Net: NetName=NetQ1_3 Pin=R9-1
Added Net: Name=NetQ1_3
Added Pin To Net: NetName=NetR3_1 Pin=R3-1
Added Pin To Net: NetName=NetR3_1 Pin=R7-1
Added Pin To Net: NetName=NetR3_1 Pin=SD_CARD1-9
Added Net: Name=NetR3_1
Added Pin To Net: NetName=P0 Pin=P2-14
Added Pin To Net: NetName=P0 Pin=R7-2
Added Net: Name=P0
Added Pin To Net: NetName=P2 Pin=P2-15
Added Net: Name=P2
Added Pin To Net: NetName=P4 Pin=K2-2
Added Pin To Net: NetName=P4 Pin=P2-13
Added Net: Name=P4
Added Pin To Net: NetName=P5 Pin=OLED1-13
Added Pin To Net: NetName=P5 Pin=P2-10
Added Net: Name=P5
Added Pin To Net: NetName=P12 Pin=P1-13
Added Pin To Net: NetName=P12 Pin=R8-2
Added Net: Name=P12
Added Pin To Net: NetName=P13 Pin=OLED1-19
Added Pin To Net: NetName=P13 Pin=OLED1-20
Added Pin To Net: NetName=P13 Pin=P1-15
Added Net: Name=P13
Added Pin To Net: NetName=P14 Pin=OLED1-18
Added Pin To Net: NetName=P14 Pin=P1-12
Added Net: Name=P14
Added Pin To Net: NetName=P15 Pin=K1-2
Added Pin To Net: NetName=P15 Pin=P2-16
Added Net: Name=P15
Added Pin To Net: NetName=P16 Pin=K3-2
Added Pin To Net: NetName=P16 Pin=P2-12
Added Net: Name=P16
Added Pin To Net: NetName=P17 Pin=K4-2
Added Pin To Net: NetName=P17 Pin=P2-11
Added Net: Name=P17
Added Pin To Net: NetName=P18 Pin=P2-9
Added Net: Name=P18
Added Pin To Net: NetName=P19 Pin=P2-8
Added Net: Name=P19
Added Pin To Net: NetName=P21 Pin=P2-6
Added Net: Name=P21
Added Pin To Net: NetName=P22 Pin=P2-3
Added Net: Name=P22
Added Pin To Net: NetName=P23 Pin=P2-2
Added Net: Name=P23
Added Pin To Net: NetName=P25 Pin=P1-9
Added Net: Name=P25
Added Pin To Net: NetName=P26 Pin=OLED1-14
Added Pin To Net: NetName=P26 Pin=P1-10
Added Net: Name=P26
Added Pin To Net: NetName=P27 Pin=OLED1-15
Added Pin To Net: NetName=P27 Pin=P1-11
Added Net: Name=P27
Added Pin To Net: NetName=P32 Pin=P1-7
Added Net: Name=P32
Added Pin To Net: NetName=P33 Pin=P1-8
Added Net: Name=P33
Added Pin To Net: NetName=P34 Pin=P1-5
Added Net: Name=P34
Added Pin To Net: NetName=P35 Pin=P1-6
Added Net: Name=P35
Added Pin To Net: NetName=RX Pin=P2-5
Added Net: Name=RX
Added Pin To Net: NetName=SD0 Pin=P2-18
Added Pin To Net: NetName=SD0 Pin=R2-1
Added Pin To Net: NetName=SD0 Pin=SD_CARD1-7
Added Net: Name=SD0
Added Pin To Net: NetName=SD1 Pin=P2-17
Added Pin To Net: NetName=SD1 Pin=R1-1
Added Pin To Net: NetName=SD1 Pin=SD_CARD1-8
Added Net: Name=SD1
Added Pin To Net: NetName=SD2 Pin=P1-16
Added Pin To Net: NetName=SD2 Pin=R6-1
Added Pin To Net: NetName=SD2 Pin=SD_CARD1-1
Added Net: Name=SD2
Added Pin To Net: NetName=SD3 Pin=P1-17
Added Pin To Net: NetName=SD3 Pin=R5-1
Added Pin To Net: NetName=SD3 Pin=SD_CARD1-2
Added Net: Name=SD3
Added Pin To Net: NetName=SVN Pin=P1-4
Added Net: Name=SVN
Added Pin To Net: NetName=SVP Pin=P1-3
Added Net: Name=SVP
Added Pin To Net: NetName=TX Pin=P2-4
Added Net: Name=TX
Added Class: Name=NODE_MCU_EXTEND_Project
Added Room: Name=NODE_MCU_EXTEND_Project
