Added Component: Designator=C1(0603P - duplicate)
Add component. Clean all parameters for all variants
Added Component: Designator=C2(0603P - duplicate)
Add component. Clean all parameters for all variants
Added Component: Designator=C3(0603P - duplicate)
Add component. Clean all parameters for all variants
Added Component: Designator=C4(0603P - duplicate)
Add component. Clean all parameters for all variants
Added Component: Designator=C5(0603P - duplicate)
Add component. Clean all parameters for all variants
Added Component: Designator=C6(0603P - duplicate)
Add component. Clean all parameters for all variants
Added Pin To Net: NetName=3V3 Pin=C1-1
Added Pin To Net: NetName=NetC2_1 Pin=C2-1
Added Pin To Net: NetName=NetC2_2 Pin=C2-2
Added Pin To Net: NetName=NetC3_1 Pin=C3-1
Added Pin To Net: NetName=NetC3_2 Pin=C3-2
Added Pin To Net: NetName=NetC4_1 Pin=C4-1
Added Pin To Net: NetName=GND Pin=C4-2
Added Pin To Net: NetName=NetC5_1 Pin=C5-1
Added Pin To Net: NetName=GND Pin=C5-2
Added Pin To Net: NetName=NetC5_1 Pin=C6-1
Added Pin To Net: NetName=GND Pin=C6-2
Added Member To Class: ClassName=NODE_MCU_EXTEND_Project Member=Component C1 10uF
Added Member To Class: ClassName=NODE_MCU_EXTEND_Project Member=Component C2 1uF
Added Member To Class: ClassName=NODE_MCU_EXTEND_Project Member=Component C3 1uF
Added Member To Class: ClassName=NODE_MCU_EXTEND_Project Member=Component C4 2.2uF
Added Member To Class: ClassName=NODE_MCU_EXTEND_Project Member=Component C5 2.2uF
Added Member To Class: ClassName=NODE_MCU_EXTEND_Project Member=Component C6 2.2uF
Added Room: Name=NODE_MCU_EXTEND_Project
